<?xml version="1.0" encoding="UTF-8"?>
<robot generator="Robot 7.3.2 (Python 3.13.5 on win32)" generated="2025-09-16T00:27:40.475268" rpa="false" schemaversion="5">
<suite id="s1" name="Test Robot" source="C:\Users\ROG\eclipse-workspace\QA\Lab10\CP353201_Lab10\test_robot.robot">
<test id="s1-t1" name="Register Success:" line="23">
<kw name="Open Chrome">
<kw name="Evaluate" owner="BuiltIn">
<msg time="2025-09-16T00:27:40.859091" level="INFO">${opts} = &lt;selenium.webdriver.chrome.options.Options object at 0x0000024A62EFF230&gt;</msg>
<var>${opts}</var>
<arg>sys.modules['selenium.webdriver'].ChromeOptions()</arg>
<arg>sys</arg>
<doc>Evaluates the given expression in Python and returns the result.</doc>
<status status="PASS" start="2025-09-16T00:27:40.858556" elapsed="0.000590"/>
</kw>
<kw name="Evaluate" owner="BuiltIn">
<msg time="2025-09-16T00:27:40.859983" level="INFO">${svc} = &lt;selenium.webdriver.chrome.service.Service object at 0x0000024A62EFEF90&gt;</msg>
<var>${svc}</var>
<arg>sys.modules["selenium.webdriver.chrome.service"].Service(executable_path=r"${CHROME_DRIVER_PATH}")</arg>
<doc>Evaluates the given expression in Python and returns the result.</doc>
<status status="PASS" start="2025-09-16T00:27:40.859313" elapsed="0.000711"/>
</kw>
<kw name="Create Webdriver" owner="SeleniumLibrary">
<msg time="2025-09-16T00:27:40.860455" level="INFO">Creating an instance of the Chrome WebDriver.</msg>
<arg>Chrome</arg>
<arg>options=${opts}</arg>
<arg>service=${svc}</arg>
<doc>Creates an instance of Selenium WebDriver.</doc>
<status status="PASS" start="2025-09-16T00:27:40.860200" elapsed="1.664568"/>
</kw>
<kw name="Set Selenium Speed" owner="SeleniumLibrary">
<arg>0</arg>
<doc>Sets the delay that is waited after each Selenium command.</doc>
<status status="PASS" start="2025-09-16T00:27:42.525403" elapsed="0.000959"/>
</kw>
<status status="PASS" start="2025-09-16T00:27:40.857487" elapsed="1.669243"/>
</kw>
<kw name="Go To" owner="SeleniumLibrary">
<msg time="2025-09-16T00:27:42.528385" level="INFO">Opening url 'http://localhost:7272/Lab10/Registration.html'</msg>
<arg>${REG_URL}</arg>
<doc>Navigates the current browser window to the provided ``url``.</doc>
<status status="PASS" start="2025-09-16T00:27:42.527697" elapsed="0.520307"/>
</kw>
<kw name="Input Text" owner="SeleniumLibrary">
<msg time="2025-09-16T00:27:43.049906" level="INFO">Typing text 'Somsri' into text field 'id=firstname'.</msg>
<arg>id=firstname</arg>
<arg>${FIRST_NAME}</arg>
<doc>Types the given ``text`` into the text field identified by ``locator``.</doc>
<status status="PASS" start="2025-09-16T00:27:43.048859" elapsed="0.317033"/>
</kw>
<kw name="Input Text" owner="SeleniumLibrary">
<msg time="2025-09-16T00:27:43.367827" level="INFO">Typing text 'Sodsai' into text field 'id=lastname'.</msg>
<arg>id=lastname</arg>
<arg>${LAST_NAME}</arg>
<doc>Types the given ``text`` into the text field identified by ``locator``.</doc>
<status status="PASS" start="2025-09-16T00:27:43.366912" elapsed="0.146310"/>
</kw>
<kw name="Input Text" owner="SeleniumLibrary">
<msg time="2025-09-16T00:27:43.514028" level="INFO">Typing text 'CS KKU' into text field 'id=organization'.</msg>
<arg>id=organization</arg>
<arg>${ORG}</arg>
<doc>Types the given ``text`` into the text field identified by ``locator``.</doc>
<status status="PASS" start="2025-09-16T00:27:43.513680" elapsed="0.114806"/>
</kw>
<kw name="Input Text" owner="SeleniumLibrary">
<msg time="2025-09-16T00:27:43.629981" level="INFO">Typing text 'somsri@kkumail.com' into text field 'id=email'.</msg>
<arg>id=email</arg>
<arg>${EMAIL}</arg>
<doc>Types the given ``text`` into the text field identified by ``locator``.</doc>
<status status="PASS" start="2025-09-16T00:27:43.629300" elapsed="0.146798"/>
</kw>
<kw name="Input Text" owner="SeleniumLibrary">
<msg time="2025-09-16T00:27:43.776993" level="INFO">Typing text '081-001-1234' into text field 'id=phone'.</msg>
<arg>id=phone</arg>
<arg>${PHONE}</arg>
<doc>Types the given ``text`` into the text field identified by ``locator``.</doc>
<status status="PASS" start="2025-09-16T00:27:43.776575" elapsed="0.077907"/>
</kw>
<kw name="Click Button" owner="SeleniumLibrary">
<msg time="2025-09-16T00:27:43.855056" level="INFO">Clicking button 'id=registerButton'.</msg>
<arg>id=registerButton</arg>
<doc>Clicks the button identified by ``locator``.</doc>
<status status="PASS" start="2025-09-16T00:27:43.854821" elapsed="0.122504"/>
</kw>
<kw name="Wait Until Page Contains" owner="SeleniumLibrary">
<arg>Success</arg>
<arg>3s</arg>
<doc>Waits until ``text`` appears on the current page.</doc>
<status status="PASS" start="2025-09-16T00:27:43.977813" elapsed="0.017206"/>
</kw>
<kw name="Get Title" owner="SeleniumLibrary">
<msg time="2025-09-16T00:27:44.006472" level="INFO">${title} = Success</msg>
<var>${title}</var>
<doc>Returns the title of the current page.</doc>
<status status="PASS" start="2025-09-16T00:27:43.995907" elapsed="0.010693"/>
</kw>
<kw name="Should Be Equal" owner="BuiltIn">
<arg>${title}</arg>
<arg>Success</arg>
<doc>Fails if the given objects are unequal.</doc>
<status status="PASS" start="2025-09-16T00:27:44.006965" elapsed="0.000284"/>
</kw>
<status status="PASS" start="2025-09-16T00:27:40.856322" elapsed="3.151248"/>
</test>
<test id="s1-t2" name="Register Success No Organization Info:" line="39">
<kw name="Open Chrome">
<kw name="Evaluate" owner="BuiltIn">
<msg time="2025-09-16T00:27:44.009882" level="INFO">${opts} = &lt;selenium.webdriver.chrome.options.Options object at 0x0000024A62F81BD0&gt;</msg>
<var>${opts}</var>
<arg>sys.modules['selenium.webdriver'].ChromeOptions()</arg>
<arg>sys</arg>
<doc>Evaluates the given expression in Python and returns the result.</doc>
<status status="PASS" start="2025-09-16T00:27:44.009490" elapsed="0.000439"/>
</kw>
<kw name="Evaluate" owner="BuiltIn">
<msg time="2025-09-16T00:27:44.010954" level="INFO">${svc} = &lt;selenium.webdriver.chrome.service.Service object at 0x0000024A62F80A50&gt;</msg>
<var>${svc}</var>
<arg>sys.modules["selenium.webdriver.chrome.service"].Service(executable_path=r"${CHROME_DRIVER_PATH}")</arg>
<doc>Evaluates the given expression in Python and returns the result.</doc>
<status status="PASS" start="2025-09-16T00:27:44.010074" elapsed="0.000958"/>
</kw>
<kw name="Create Webdriver" owner="SeleniumLibrary">
<msg time="2025-09-16T00:27:44.011479" level="INFO">Creating an instance of the Chrome WebDriver.</msg>
<arg>Chrome</arg>
<arg>options=${opts}</arg>
<arg>service=${svc}</arg>
<doc>Creates an instance of Selenium WebDriver.</doc>
<status status="PASS" start="2025-09-16T00:27:44.011208" elapsed="1.547434"/>
</kw>
<kw name="Set Selenium Speed" owner="SeleniumLibrary">
<arg>0</arg>
<doc>Sets the delay that is waited after each Selenium command.</doc>
<status status="PASS" start="2025-09-16T00:27:45.559303" elapsed="0.000797"/>
</kw>
<status status="PASS" start="2025-09-16T00:27:44.009154" elapsed="1.551270"/>
</kw>
<kw name="Go To" owner="SeleniumLibrary">
<msg time="2025-09-16T00:27:45.561605" level="INFO">Opening url 'http://localhost:7272/Lab10/Registration.html'</msg>
<arg>${REG_URL}</arg>
<doc>Navigates the current browser window to the provided ``url``.</doc>
<status status="PASS" start="2025-09-16T00:27:45.561122" elapsed="0.487426"/>
</kw>
<kw name="Input Text" owner="SeleniumLibrary">
<msg time="2025-09-16T00:27:46.051649" level="INFO">Typing text 'Somsri' into text field 'id=firstname'.</msg>
<arg>id=firstname</arg>
<arg>${FIRST_NAME}</arg>
<doc>Types the given ``text`` into the text field identified by ``locator``.</doc>
<status status="PASS" start="2025-09-16T00:27:46.050324" elapsed="0.603575"/>
</kw>
<kw name="Input Text" owner="SeleniumLibrary">
<msg time="2025-09-16T00:27:46.656151" level="INFO">Typing text 'Sodsai' into text field 'id=lastname'.</msg>
<arg>id=lastname</arg>
<arg>${LAST_NAME}</arg>
<doc>Types the given ``text`` into the text field identified by ``locator``.</doc>
<status status="PASS" start="2025-09-16T00:27:46.655090" elapsed="0.412017"/>
</kw>
<kw name="Input Text" owner="SeleniumLibrary">
<msg time="2025-09-16T00:27:47.068976" level="INFO">Typing text 'somsri@kkumail.com' into text field 'id=email'.</msg>
<arg>id=email</arg>
<arg>${EMAIL}</arg>
<doc>Types the given ``text`` into the text field identified by ``locator``.</doc>
<status status="PASS" start="2025-09-16T00:27:47.067824" elapsed="0.253642"/>
</kw>
<kw name="Input Text" owner="SeleniumLibrary">
<msg time="2025-09-16T00:27:47.322571" level="INFO">Typing text '081-001-1234' into text field 'id=phone'.</msg>
<arg>id=phone</arg>
<arg>${PHONE}</arg>
<doc>Types the given ``text`` into the text field identified by ``locator``.</doc>
<status status="PASS" start="2025-09-16T00:27:47.321939" elapsed="0.116710"/>
</kw>
<kw name="Click Button" owner="SeleniumLibrary">
<msg time="2025-09-16T00:27:47.439422" level="INFO">Clicking button 'id=registerButton'.</msg>
<arg>id=registerButton</arg>
<doc>Clicks the button identified by ``locator``.</doc>
<status status="PASS" start="2025-09-16T00:27:47.439130" elapsed="0.182989"/>
</kw>
<kw name="Wait Until Page Contains" owner="SeleniumLibrary">
<arg>Success</arg>
<arg>3s</arg>
<doc>Waits until ``text`` appears on the current page.</doc>
<status status="PASS" start="2025-09-16T00:27:47.624566" elapsed="0.053762"/>
</kw>
<kw name="Get Title" owner="SeleniumLibrary">
<msg time="2025-09-16T00:27:47.690876" level="INFO">${title} = Success</msg>
<var>${title}</var>
<doc>Returns the title of the current page.</doc>
<status status="PASS" start="2025-09-16T00:27:47.679848" elapsed="0.011237"/>
</kw>
<kw name="Should Be Equal" owner="BuiltIn">
<arg>${title}</arg>
<arg>Success</arg>
<doc>Fails if the given objects are unequal.</doc>
<status status="PASS" start="2025-09-16T00:27:47.692248" elapsed="0.000745"/>
</kw>
<status status="PASS" start="2025-09-16T00:27:44.008465" elapsed="3.685479"/>
</test>
<test id="s1-t3" name="Empty First Name:" line="54">
<kw name="Open Chrome">
<kw name="Evaluate" owner="BuiltIn">
<msg time="2025-09-16T00:27:47.698750" level="INFO">${opts} = &lt;selenium.webdriver.chrome.options.Options object at 0x0000024A62F81A90&gt;</msg>
<var>${opts}</var>
<arg>sys.modules['selenium.webdriver'].ChromeOptions()</arg>
<arg>sys</arg>
<doc>Evaluates the given expression in Python and returns the result.</doc>
<status status="PASS" start="2025-09-16T00:27:47.697546" elapsed="0.001323"/>
</kw>
<kw name="Evaluate" owner="BuiltIn">
<msg time="2025-09-16T00:27:47.702109" level="INFO">${svc} = &lt;selenium.webdriver.chrome.service.Service object at 0x0000024A62F80410&gt;</msg>
<var>${svc}</var>
<arg>sys.modules["selenium.webdriver.chrome.service"].Service(executable_path=r"${CHROME_DRIVER_PATH}")</arg>
<doc>Evaluates the given expression in Python and returns the result.</doc>
<status status="PASS" start="2025-09-16T00:27:47.699322" elapsed="0.002975"/>
</kw>
<kw name="Create Webdriver" owner="SeleniumLibrary">
<msg time="2025-09-16T00:27:47.703599" level="INFO">Creating an instance of the Chrome WebDriver.</msg>
<arg>Chrome</arg>
<arg>options=${opts}</arg>
<arg>service=${svc}</arg>
<doc>Creates an instance of Selenium WebDriver.</doc>
<status status="PASS" start="2025-09-16T00:27:47.702875" elapsed="1.428603"/>
</kw>
<kw name="Set Selenium Speed" owner="SeleniumLibrary">
<arg>0</arg>
<doc>Sets the delay that is waited after each Selenium command.</doc>
<status status="PASS" start="2025-09-16T00:27:49.131843" elapsed="0.000551"/>
</kw>
<status status="PASS" start="2025-09-16T00:27:47.696455" elapsed="1.436226"/>
</kw>
<kw name="Go To" owner="SeleniumLibrary">
<msg time="2025-09-16T00:27:49.134057" level="INFO">Opening url 'http://localhost:7272/Lab10/Registration.html'</msg>
<arg>${REG_URL}</arg>
<doc>Navigates the current browser window to the provided ``url``.</doc>
<status status="PASS" start="2025-09-16T00:27:49.133304" elapsed="0.493947"/>
</kw>
<kw name="Input Text" owner="SeleniumLibrary">
<msg time="2025-09-16T00:27:49.631294" level="INFO">Typing text 'Sodsai' into text field 'id=lastname'.</msg>
<arg>id=lastname</arg>
<arg>${LAST_NAME}</arg>
<doc>Types the given ``text`` into the text field identified by ``locator``.</doc>
<status status="PASS" start="2025-09-16T00:27:49.628345" elapsed="0.373357"/>
</kw>
<kw name="Input Text" owner="SeleniumLibrary">
<msg time="2025-09-16T00:27:50.003890" level="INFO">Typing text 'CS KKU' into text field 'id=organization'.</msg>
<arg>id=organization</arg>
<arg>${ORG}</arg>
<doc>Types the given ``text`` into the text field identified by ``locator``.</doc>
<status status="PASS" start="2025-09-16T00:27:50.002608" elapsed="0.206861"/>
</kw>
<kw name="Input Text" owner="SeleniumLibrary">
<msg time="2025-09-16T00:27:50.210805" level="INFO">Typing text 'somsri@kkumail.com' into text field 'id=email'.</msg>
<arg>id=email</arg>
<arg>${EMAIL}</arg>
<doc>Types the given ``text`` into the text field identified by ``locator``.</doc>
<status status="PASS" start="2025-09-16T00:27:50.210136" elapsed="0.255099"/>
</kw>
<kw name="Input Text" owner="SeleniumLibrary">
<msg time="2025-09-16T00:27:50.467121" level="INFO">Typing text '081-001-1234' into text field 'id=phone'.</msg>
<arg>id=phone</arg>
<arg>${PHONE}</arg>
<doc>Types the given ``text`` into the text field identified by ``locator``.</doc>
<status status="PASS" start="2025-09-16T00:27:50.466056" elapsed="0.376417"/>
</kw>
<kw name="Click Button" owner="SeleniumLibrary">
<msg time="2025-09-16T00:27:50.844409" level="INFO">Clicking button 'id=registerButton'.</msg>
<arg>id=registerButton</arg>
<doc>Clicks the button identified by ``locator``.</doc>
<status status="PASS" start="2025-09-16T00:27:50.843612" elapsed="0.173179"/>
</kw>
<kw name="Get Title" owner="SeleniumLibrary">
<msg time="2025-09-16T00:27:51.025802" level="INFO">${title} = Event Registration</msg>
<var>${title}</var>
<doc>Returns the title of the current page.</doc>
<status status="PASS" start="2025-09-16T00:27:51.017645" elapsed="0.008265"/>
</kw>
<kw name="Should Contain" owner="BuiltIn">
<arg>${title}</arg>
<arg>Registration</arg>
<doc>Fails if ``container`` does not contain ``item`` one or more times.</doc>
<status status="PASS" start="2025-09-16T00:27:51.026395" elapsed="0.000369"/>
</kw>
<kw name="Wait Until Element Is Visible" owner="SeleniumLibrary">
<arg>id=errors</arg>
<arg>3s</arg>
<doc>Waits until the element ``locator`` is visible.</doc>
<status status="PASS" start="2025-09-16T00:27:51.027354" elapsed="0.044521"/>
</kw>
<kw name="Element Should Contain" owner="SeleniumLibrary">
<msg time="2025-09-16T00:27:51.120821" level="INFO">Element 'id=errors' contains text 'Please enter your first name!!'.</msg>
<arg>id=errors</arg>
<arg>Please enter your first name!!</arg>
<doc>Verifies that element ``locator`` contains text ``expected``.</doc>
<status status="PASS" start="2025-09-16T00:27:51.072645" elapsed="0.048487"/>
</kw>
<status status="PASS" start="2025-09-16T00:27:47.694988" elapsed="3.427070"/>
</test>
<test id="s1-t4" name="Empty Last Name:" line="70">
<kw name="Open Chrome">
<kw name="Evaluate" owner="BuiltIn">
<msg time="2025-09-16T00:27:51.126356" level="INFO">${opts} = &lt;selenium.webdriver.chrome.options.Options object at 0x0000024A62E03CE0&gt;</msg>
<var>${opts}</var>
<arg>sys.modules['selenium.webdriver'].ChromeOptions()</arg>
<arg>sys</arg>
<doc>Evaluates the given expression in Python and returns the result.</doc>
<status status="PASS" start="2025-09-16T00:27:51.125359" elapsed="0.001133"/>
</kw>
<kw name="Evaluate" owner="BuiltIn">
<msg time="2025-09-16T00:27:51.129060" level="INFO">${svc} = &lt;selenium.webdriver.chrome.service.Service object at 0x0000024A62E03E10&gt;</msg>
<var>${svc}</var>
<arg>sys.modules["selenium.webdriver.chrome.service"].Service(executable_path=r"${CHROME_DRIVER_PATH}")</arg>
<doc>Evaluates the given expression in Python and returns the result.</doc>
<status status="PASS" start="2025-09-16T00:27:51.126998" elapsed="0.002359"/>
</kw>
<kw name="Create Webdriver" owner="SeleniumLibrary">
<msg time="2025-09-16T00:27:51.131567" level="INFO">Creating an instance of the Chrome WebDriver.</msg>
<arg>Chrome</arg>
<arg>options=${opts}</arg>
<arg>service=${svc}</arg>
<doc>Creates an instance of Selenium WebDriver.</doc>
<status status="PASS" start="2025-09-16T00:27:51.130412" elapsed="1.417769"/>
</kw>
<kw name="Set Selenium Speed" owner="SeleniumLibrary">
<arg>0</arg>
<doc>Sets the delay that is waited after each Selenium command.</doc>
<status status="PASS" start="2025-09-16T00:27:52.548506" elapsed="0.000399"/>
</kw>
<status status="PASS" start="2025-09-16T00:27:51.124607" elapsed="1.424518"/>
</kw>
<kw name="Go To" owner="SeleniumLibrary">
<msg time="2025-09-16T00:27:52.550110" level="INFO">Opening url 'http://localhost:7272/Lab10/Registration.html'</msg>
<arg>${REG_URL}</arg>
<doc>Navigates the current browser window to the provided ``url``.</doc>
<status status="PASS" start="2025-09-16T00:27:52.549672" elapsed="0.528509"/>
</kw>
<kw name="Input Text" owner="SeleniumLibrary">
<msg time="2025-09-16T00:27:53.084406" level="INFO">Typing text 'Somsri' into text field 'id=firstname'.</msg>
<arg>id=firstname</arg>
<arg>${FIRST_NAME}</arg>
<doc>Types the given ``text`` into the text field identified by ``locator``.</doc>
<status status="PASS" start="2025-09-16T00:27:53.082425" elapsed="0.444929"/>
</kw>
<kw name="Input Text" owner="SeleniumLibrary">
<msg time="2025-09-16T00:27:53.529067" level="INFO">Typing text 'CS KKU' into text field 'id=organization'.</msg>
<arg>id=organization</arg>
<arg>${ORG}</arg>
<doc>Types the given ``text`` into the text field identified by ``locator``.</doc>
<status status="PASS" start="2025-09-16T00:27:53.527868" elapsed="0.225471"/>
</kw>
<kw name="Input Text" owner="SeleniumLibrary">
<msg time="2025-09-16T00:27:53.758970" level="INFO">Typing text 'somsri@kkumail.com' into text field 'id=email'.</msg>
<arg>id=email</arg>
<arg>${EMAIL}</arg>
<doc>Types the given ``text`` into the text field identified by ``locator``.</doc>
<status status="PASS" start="2025-09-16T00:27:53.756966" elapsed="0.384620"/>
</kw>
<kw name="Input Text" owner="SeleniumLibrary">
<msg time="2025-09-16T00:27:54.143001" level="INFO">Typing text '081-001-1234' into text field 'id=phone'.</msg>
<arg>id=phone</arg>
<arg>${PHONE}</arg>
<doc>Types the given ``text`` into the text field identified by ``locator``.</doc>
<status status="PASS" start="2025-09-16T00:27:54.142326" elapsed="0.241895"/>
</kw>
<kw name="Click Button" owner="SeleniumLibrary">
<msg time="2025-09-16T00:27:54.385801" level="INFO">Clicking button 'id=registerButton'.</msg>
<arg>id=registerButton</arg>
<doc>Clicks the button identified by ``locator``.</doc>
<status status="PASS" start="2025-09-16T00:27:54.385183" elapsed="0.336737"/>
</kw>
<kw name="Get Title" owner="SeleniumLibrary">
<msg time="2025-09-16T00:27:54.733082" level="INFO">${title} = Event Registration</msg>
<var>${title}</var>
<doc>Returns the title of the current page.</doc>
<status status="PASS" start="2025-09-16T00:27:54.722799" elapsed="0.010405"/>
</kw>
<kw name="Should Contain" owner="BuiltIn">
<arg>${title}</arg>
<arg>Registration</arg>
<doc>Fails if ``container`` does not contain ``item`` one or more times.</doc>
<status status="PASS" start="2025-09-16T00:27:54.733889" elapsed="0.000622"/>
</kw>
<kw name="Wait Until Element Is Visible" owner="SeleniumLibrary">
<arg>id=errors</arg>
<arg>3s</arg>
<doc>Waits until the element ``locator`` is visible.</doc>
<status status="PASS" start="2025-09-16T00:27:54.735167" elapsed="0.068380"/>
</kw>
<kw name="Element Should Contain" owner="SeleniumLibrary">
<msg time="2025-09-16T00:27:54.864610" level="INFO">Element 'id=errors' contains text 'Please enter your last name!!'.</msg>
<arg>id=errors</arg>
<arg>Please enter your last name!!</arg>
<doc>Verifies that element ``locator`` contains text ``expected``.</doc>
<status status="PASS" start="2025-09-16T00:27:54.804468" elapsed="0.060465"/>
</kw>
<status status="PASS" start="2025-09-16T00:27:51.123390" elapsed="3.742253"/>
</test>
<test id="s1-t5" name="Empty First Name and Last Name:" line="86">
<kw name="Open Chrome">
<kw name="Evaluate" owner="BuiltIn">
<msg time="2025-09-16T00:27:54.869236" level="INFO">${opts} = &lt;selenium.webdriver.chrome.options.Options object at 0x0000024A62E03490&gt;</msg>
<var>${opts}</var>
<arg>sys.modules['selenium.webdriver'].ChromeOptions()</arg>
<arg>sys</arg>
<doc>Evaluates the given expression in Python and returns the result.</doc>
<status status="PASS" start="2025-09-16T00:27:54.868753" elapsed="0.000565"/>
</kw>
<kw name="Evaluate" owner="BuiltIn">
<msg time="2025-09-16T00:27:54.870786" level="INFO">${svc} = &lt;selenium.webdriver.chrome.service.Service object at 0x0000024A62E03360&gt;</msg>
<var>${svc}</var>
<arg>sys.modules["selenium.webdriver.chrome.service"].Service(executable_path=r"${CHROME_DRIVER_PATH}")</arg>
<doc>Evaluates the given expression in Python and returns the result.</doc>
<status status="PASS" start="2025-09-16T00:27:54.869649" elapsed="0.001237"/>
</kw>
<kw name="Create Webdriver" owner="SeleniumLibrary">
<msg time="2025-09-16T00:27:54.871793" level="INFO">Creating an instance of the Chrome WebDriver.</msg>
<arg>Chrome</arg>
<arg>options=${opts}</arg>
<arg>service=${svc}</arg>
<doc>Creates an instance of Selenium WebDriver.</doc>
<status status="PASS" start="2025-09-16T00:27:54.871237" elapsed="1.647524"/>
</kw>
<kw name="Set Selenium Speed" owner="SeleniumLibrary">
<arg>0</arg>
<doc>Sets the delay that is waited after each Selenium command.</doc>
<status status="PASS" start="2025-09-16T00:27:56.519189" elapsed="0.000436"/>
</kw>
<status status="PASS" start="2025-09-16T00:27:54.868061" elapsed="1.651764"/>
</kw>
<kw name="Go To" owner="SeleniumLibrary">
<msg time="2025-09-16T00:27:56.521779" level="INFO">Opening url 'http://localhost:7272/Lab10/Registration.html'</msg>
<arg>${REG_URL}</arg>
<doc>Navigates the current browser window to the provided ``url``.</doc>
<status status="PASS" start="2025-09-16T00:27:56.521149" elapsed="0.574725"/>
</kw>
<kw name="Input Text" owner="SeleniumLibrary">
<msg time="2025-09-16T00:27:57.101357" level="INFO">Typing text 'CS KKU' into text field 'id=organization'.</msg>
<arg>id=organization</arg>
<arg>${ORG}</arg>
<doc>Types the given ``text`` into the text field identified by ``locator``.</doc>
<status status="PASS" start="2025-09-16T00:27:57.099940" elapsed="0.553645"/>
</kw>
<kw name="Input Text" owner="SeleniumLibrary">
<msg time="2025-09-16T00:27:57.656797" level="INFO">Typing text 'somsri@kkumail.com' into text field 'id=email'.</msg>
<arg>id=email</arg>
<arg>${EMAIL}</arg>
<doc>Types the given ``text`` into the text field identified by ``locator``.</doc>
<status status="PASS" start="2025-09-16T00:27:57.656129" elapsed="0.306269"/>
</kw>
<kw name="Input Text" owner="SeleniumLibrary">
<msg time="2025-09-16T00:27:57.963398" level="INFO">Typing text '081-001-1234' into text field 'id=phone'.</msg>
<arg>id=phone</arg>
<arg>${PHONE}</arg>
<doc>Types the given ``text`` into the text field identified by ``locator``.</doc>
<status status="PASS" start="2025-09-16T00:27:57.962955" elapsed="0.149394"/>
</kw>
<kw name="Click Button" owner="SeleniumLibrary">
<msg time="2025-09-16T00:27:58.113867" level="INFO">Clicking button 'id=registerButton'.</msg>
<arg>id=registerButton</arg>
<doc>Clicks the button identified by ``locator``.</doc>
<status status="PASS" start="2025-09-16T00:27:58.113273" elapsed="0.375574"/>
</kw>
<kw name="Get Title" owner="SeleniumLibrary">
<msg time="2025-09-16T00:27:58.534786" level="INFO">${title} = Event Registration</msg>
<var>${title}</var>
<doc>Returns the title of the current page.</doc>
<status status="PASS" start="2025-09-16T00:27:58.494953" elapsed="0.040048"/>
</kw>
<kw name="Should Contain" owner="BuiltIn">
<arg>${title}</arg>
<arg>Registration</arg>
<doc>Fails if ``container`` does not contain ``item`` one or more times.</doc>
<status status="PASS" start="2025-09-16T00:27:58.543387" elapsed="0.000939"/>
</kw>
<kw name="Wait Until Element Is Visible" owner="SeleniumLibrary">
<arg>id=errors</arg>
<arg>3s</arg>
<doc>Waits until the element ``locator`` is visible.</doc>
<status status="PASS" start="2025-09-16T00:27:58.549492" elapsed="0.185418"/>
</kw>
<kw name="Element Should Contain" owner="SeleniumLibrary">
<msg time="2025-09-16T00:27:58.883071" level="INFO">Element 'id=errors' contains text 'Please enter your name!!'.</msg>
<arg>id=errors</arg>
<arg>Please enter your name!!</arg>
<doc>Verifies that element ``locator`` contains text ``expected``.</doc>
<status status="PASS" start="2025-09-16T00:27:58.748877" elapsed="0.134523"/>
</kw>
<status status="PASS" start="2025-09-16T00:27:54.866731" elapsed="4.017529"/>
</test>
<test id="s1-t6" name="Empty Email:" line="101">
<kw name="Open Chrome">
<kw name="Evaluate" owner="BuiltIn">
<msg time="2025-09-16T00:27:58.888445" level="INFO">${opts} = &lt;selenium.webdriver.chrome.options.Options object at 0x0000024A62F0DA30&gt;</msg>
<var>${opts}</var>
<arg>sys.modules['selenium.webdriver'].ChromeOptions()</arg>
<arg>sys</arg>
<doc>Evaluates the given expression in Python and returns the result.</doc>
<status status="PASS" start="2025-09-16T00:27:58.887479" elapsed="0.001128"/>
</kw>
<kw name="Evaluate" owner="BuiltIn">
<msg time="2025-09-16T00:27:58.891321" level="INFO">${svc} = &lt;selenium.webdriver.chrome.service.Service object at 0x0000024A62F0DB50&gt;</msg>
<var>${svc}</var>
<arg>sys.modules["selenium.webdriver.chrome.service"].Service(executable_path=r"${CHROME_DRIVER_PATH}")</arg>
<doc>Evaluates the given expression in Python and returns the result.</doc>
<status status="PASS" start="2025-09-16T00:27:58.889124" elapsed="0.002355"/>
</kw>
<kw name="Create Webdriver" owner="SeleniumLibrary">
<msg time="2025-09-16T00:27:58.892790" level="INFO">Creating an instance of the Chrome WebDriver.</msg>
<arg>Chrome</arg>
<arg>options=${opts}</arg>
<arg>service=${svc}</arg>
<doc>Creates an instance of Selenium WebDriver.</doc>
<status status="PASS" start="2025-09-16T00:27:58.892064" elapsed="1.806789"/>
</kw>
<kw name="Set Selenium Speed" owner="SeleniumLibrary">
<arg>0</arg>
<doc>Sets the delay that is waited after each Selenium command.</doc>
<status status="PASS" start="2025-09-16T00:28:00.699540" elapsed="0.000959"/>
</kw>
<status status="PASS" start="2025-09-16T00:27:58.886626" elapsed="1.814298"/>
</kw>
<kw name="Go To" owner="SeleniumLibrary">
<msg time="2025-09-16T00:28:00.704065" level="INFO">Opening url 'http://localhost:7272/Lab10/Registration.html'</msg>
<arg>${REG_URL}</arg>
<doc>Navigates the current browser window to the provided ``url``.</doc>
<status status="PASS" start="2025-09-16T00:28:00.702934" elapsed="0.547278"/>
</kw>
<kw name="Input Text" owner="SeleniumLibrary">
<msg time="2025-09-16T00:28:01.253159" level="INFO">Typing text 'Somsri' into text field 'id=firstname'.</msg>
<arg>id=firstname</arg>
<arg>${FIRST_NAME}</arg>
<doc>Types the given ``text`` into the text field identified by ``locator``.</doc>
<status status="PASS" start="2025-09-16T00:28:01.251782" elapsed="0.455957"/>
</kw>
<kw name="Input Text" owner="SeleniumLibrary">
<msg time="2025-09-16T00:28:01.709062" level="INFO">Typing text 'Sodsai' into text field 'id=lastname'.</msg>
<arg>id=lastname</arg>
<arg>${LAST_NAME}</arg>
<doc>Types the given ``text`` into the text field identified by ``locator``.</doc>
<status status="PASS" start="2025-09-16T00:28:01.708380" elapsed="0.318353"/>
</kw>
<kw name="Input Text" owner="SeleniumLibrary">
<msg time="2025-09-16T00:28:02.027894" level="INFO">Typing text 'CS KKU' into text field 'id=organization'.</msg>
<arg>id=organization</arg>
<arg>${ORG}</arg>
<doc>Types the given ``text`` into the text field identified by ``locator``.</doc>
<status status="PASS" start="2025-09-16T00:28:02.027372" elapsed="0.148736"/>
</kw>
<kw name="Input Text" owner="SeleniumLibrary">
<msg time="2025-09-16T00:28:02.178094" level="INFO">Typing text '081-001-1234' into text field 'id=phone'.</msg>
<arg>id=phone</arg>
<arg>${PHONE}</arg>
<doc>Types the given ``text`` into the text field identified by ``locator``.</doc>
<status status="PASS" start="2025-09-16T00:28:02.177233" elapsed="0.202956"/>
</kw>
<kw name="Click Button" owner="SeleniumLibrary">
<msg time="2025-09-16T00:28:02.382163" level="INFO">Clicking button 'id=registerButton'.</msg>
<arg>id=registerButton</arg>
<doc>Clicks the button identified by ``locator``.</doc>
<status status="PASS" start="2025-09-16T00:28:02.381346" elapsed="0.272556"/>
</kw>
<kw name="Get Title" owner="SeleniumLibrary">
<msg time="2025-09-16T00:28:02.681182" level="INFO">${title} = Event Registration</msg>
<var>${title}</var>
<doc>Returns the title of the current page.</doc>
<status status="PASS" start="2025-09-16T00:28:02.654904" elapsed="0.026483"/>
</kw>
<kw name="Should Contain" owner="BuiltIn">
<arg>${title}</arg>
<arg>Registration</arg>
<doc>Fails if ``container`` does not contain ``item`` one or more times.</doc>
<status status="PASS" start="2025-09-16T00:28:02.682056" elapsed="0.002526"/>
</kw>
<kw name="Wait Until Element Is Visible" owner="SeleniumLibrary">
<arg>id=errors</arg>
<arg>3s</arg>
<doc>Waits until the element ``locator`` is visible.</doc>
<status status="PASS" start="2025-09-16T00:28:02.690235" elapsed="0.067693"/>
</kw>
<kw name="Element Should Contain" owner="SeleniumLibrary">
<msg time="2025-09-16T00:28:02.920271" level="INFO">Element 'id=errors' contains text 'Please enter your email!!'.</msg>
<arg>id=errors</arg>
<arg>Please enter your email!!</arg>
<doc>Verifies that element ``locator`` contains text ``expected``.</doc>
<status status="PASS" start="2025-09-16T00:28:02.759029" elapsed="0.161584"/>
</kw>
<status status="PASS" start="2025-09-16T00:27:58.885548" elapsed="4.043732"/>
</test>
<test id="s1-t7" name="Empty Phone Number:" line="117">
<kw name="Open Chrome">
<kw name="Evaluate" owner="BuiltIn">
<msg time="2025-09-16T00:28:03.079738" level="INFO">${opts} = &lt;selenium.webdriver.chrome.options.Options object at 0x0000024A62F197B0&gt;</msg>
<var>${opts}</var>
<arg>sys.modules['selenium.webdriver'].ChromeOptions()</arg>
<arg>sys</arg>
<doc>Evaluates the given expression in Python and returns the result.</doc>
<status status="PASS" start="2025-09-16T00:28:03.076671" elapsed="0.003402"/>
</kw>
<kw name="Evaluate" owner="BuiltIn">
<msg time="2025-09-16T00:28:03.201851" level="INFO">${svc} = &lt;selenium.webdriver.chrome.service.Service object at 0x0000024A62F19040&gt;</msg>
<var>${svc}</var>
<arg>sys.modules["selenium.webdriver.chrome.service"].Service(executable_path=r"${CHROME_DRIVER_PATH}")</arg>
<doc>Evaluates the given expression in Python and returns the result.</doc>
<status status="PASS" start="2025-09-16T00:28:03.095789" elapsed="0.107386"/>
</kw>
<kw name="Create Webdriver" owner="SeleniumLibrary">
<msg time="2025-09-16T00:28:03.240258" level="INFO">Creating an instance of the Chrome WebDriver.</msg>
<arg>Chrome</arg>
<arg>options=${opts}</arg>
<arg>service=${svc}</arg>
<doc>Creates an instance of Selenium WebDriver.</doc>
<status status="PASS" start="2025-09-16T00:28:03.226336" elapsed="1.771717"/>
</kw>
<kw name="Set Selenium Speed" owner="SeleniumLibrary">
<arg>0</arg>
<doc>Sets the delay that is waited after each Selenium command.</doc>
<status status="PASS" start="2025-09-16T00:28:04.998652" elapsed="0.000774"/>
</kw>
<status status="PASS" start="2025-09-16T00:28:03.060462" elapsed="1.940194"/>
</kw>
<kw name="Go To" owner="SeleniumLibrary">
<msg time="2025-09-16T00:28:05.007421" level="INFO">Opening url 'http://localhost:7272/Lab10/Registration.html'</msg>
<arg>${REG_URL}</arg>
<doc>Navigates the current browser window to the provided ``url``.</doc>
<status status="PASS" start="2025-09-16T00:28:05.003159" elapsed="0.527300"/>
</kw>
<kw name="Input Text" owner="SeleniumLibrary">
<msg time="2025-09-16T00:28:05.533066" level="INFO">Typing text 'Somsri' into text field 'id=firstname'.</msg>
<arg>id=firstname</arg>
<arg>${FIRST_NAME}</arg>
<doc>Types the given ``text`` into the text field identified by ``locator``.</doc>
<status status="PASS" start="2025-09-16T00:28:05.532162" elapsed="0.351673"/>
</kw>
<kw name="Input Text" owner="SeleniumLibrary">
<msg time="2025-09-16T00:28:05.885096" level="INFO">Typing text 'Sodsai' into text field 'id=lastname'.</msg>
<arg>id=lastname</arg>
<arg>${LAST_NAME}</arg>
<doc>Types the given ``text`` into the text field identified by ``locator``.</doc>
<status status="PASS" start="2025-09-16T00:28:05.884409" elapsed="0.151055"/>
</kw>
<kw name="Input Text" owner="SeleniumLibrary">
<msg time="2025-09-16T00:28:06.036553" level="INFO">Typing text 'CS KKU' into text field 'id=organization'.</msg>
<arg>id=organization</arg>
<arg>${ORG}</arg>
<doc>Types the given ``text`` into the text field identified by ``locator``.</doc>
<status status="PASS" start="2025-09-16T00:28:06.036001" elapsed="0.239767"/>
</kw>
<kw name="Input Text" owner="SeleniumLibrary">
<msg time="2025-09-16T00:28:06.277183" level="INFO">Typing text 'somsri@kkumail.com' into text field 'id=email'.</msg>
<arg>id=email</arg>
<arg>${EMAIL}</arg>
<doc>Types the given ``text`` into the text field identified by ``locator``.</doc>
<status status="PASS" start="2025-09-16T00:28:06.276573" elapsed="0.197239"/>
</kw>
<kw name="Click Button" owner="SeleniumLibrary">
<msg time="2025-09-16T00:28:06.475028" level="INFO">Clicking button 'id=registerButton'.</msg>
<arg>id=registerButton</arg>
<doc>Clicks the button identified by ``locator``.</doc>
<status status="PASS" start="2025-09-16T00:28:06.474443" elapsed="0.140109"/>
</kw>
<kw name="Get Title" owner="SeleniumLibrary">
<msg time="2025-09-16T00:28:06.622193" level="INFO">${title} = Event Registration</msg>
<var>${title}</var>
<doc>Returns the title of the current page.</doc>
<status status="PASS" start="2025-09-16T00:28:06.615019" elapsed="0.007240"/>
</kw>
<kw name="Should Contain" owner="BuiltIn">
<arg>${title}</arg>
<arg>Registration</arg>
<doc>Fails if ``container`` does not contain ``item`` one or more times.</doc>
<status status="PASS" start="2025-09-16T00:28:06.622653" elapsed="0.000291"/>
</kw>
<kw name="Wait Until Element Is Visible" owner="SeleniumLibrary">
<arg>id=errors</arg>
<arg>3s</arg>
<doc>Waits until the element ``locator`` is visible.</doc>
<status status="PASS" start="2025-09-16T00:28:06.623479" elapsed="0.030784"/>
</kw>
<kw name="Element Should Contain" owner="SeleniumLibrary">
<msg time="2025-09-16T00:28:06.706897" level="INFO">Element 'id=errors' contains text 'Please enter your phone number!!'.</msg>
<arg>id=errors</arg>
<arg>Please enter your phone number!!</arg>
<doc>Verifies that element ``locator`` contains text ``expected``.</doc>
<status status="PASS" start="2025-09-16T00:28:06.655214" elapsed="0.051837"/>
</kw>
<status status="PASS" start="2025-09-16T00:28:03.036477" elapsed="3.671419"/>
</test>
<test id="s1-t8" name="Invalid Phone Number:" line="133">
<kw name="Open Chrome">
<kw name="Evaluate" owner="BuiltIn">
<msg time="2025-09-16T00:28:06.710922" level="INFO">${opts} = &lt;selenium.webdriver.chrome.options.Options object at 0x0000024A62F18E20&gt;</msg>
<var>${opts}</var>
<arg>sys.modules['selenium.webdriver'].ChromeOptions()</arg>
<arg>sys</arg>
<doc>Evaluates the given expression in Python and returns the result.</doc>
<status status="PASS" start="2025-09-16T00:28:06.710596" elapsed="0.000367"/>
</kw>
<kw name="Evaluate" owner="BuiltIn">
<msg time="2025-09-16T00:28:06.711849" level="INFO">${svc} = &lt;selenium.webdriver.chrome.service.Service object at 0x0000024A62F196A0&gt;</msg>
<var>${svc}</var>
<arg>sys.modules["selenium.webdriver.chrome.service"].Service(executable_path=r"${CHROME_DRIVER_PATH}")</arg>
<doc>Evaluates the given expression in Python and returns the result.</doc>
<status status="PASS" start="2025-09-16T00:28:06.711146" elapsed="0.000743"/>
</kw>
<kw name="Create Webdriver" owner="SeleniumLibrary">
<msg time="2025-09-16T00:28:06.712324" level="INFO">Creating an instance of the Chrome WebDriver.</msg>
<arg>Chrome</arg>
<arg>options=${opts}</arg>
<arg>service=${svc}</arg>
<doc>Creates an instance of Selenium WebDriver.</doc>
<status status="PASS" start="2025-09-16T00:28:06.712043" elapsed="1.362928"/>
</kw>
<kw name="Set Selenium Speed" owner="SeleniumLibrary">
<arg>0</arg>
<doc>Sets the delay that is waited after each Selenium command.</doc>
<status status="PASS" start="2025-09-16T00:28:08.075405" elapsed="0.000688"/>
</kw>
<status status="PASS" start="2025-09-16T00:28:06.710133" elapsed="1.366257"/>
</kw>
<kw name="Go To" owner="SeleniumLibrary">
<msg time="2025-09-16T00:28:08.077975" level="INFO">Opening url 'http://localhost:7272/Lab10/Registration.html'</msg>
<arg>${REG_URL}</arg>
<doc>Navigates the current browser window to the provided ``url``.</doc>
<status status="PASS" start="2025-09-16T00:28:08.077339" elapsed="0.453608"/>
</kw>
<kw name="Input Text" owner="SeleniumLibrary">
<msg time="2025-09-16T00:28:08.534398" level="INFO">Typing text 'Somsri' into text field 'id=firstname'.</msg>
<arg>id=firstname</arg>
<arg>${FIRST_NAME}</arg>
<doc>Types the given ``text`` into the text field identified by ``locator``.</doc>
<status status="PASS" start="2025-09-16T00:28:08.531775" elapsed="0.369417"/>
</kw>
<kw name="Input Text" owner="SeleniumLibrary">
<msg time="2025-09-16T00:28:08.902968" level="INFO">Typing text 'Sodsai' into text field 'id=lastname'.</msg>
<arg>id=lastname</arg>
<arg>${LAST_NAME}</arg>
<doc>Types the given ``text`` into the text field identified by ``locator``.</doc>
<status status="PASS" start="2025-09-16T00:28:08.902102" elapsed="0.232159"/>
</kw>
<kw name="Input Text" owner="SeleniumLibrary">
<msg time="2025-09-16T00:28:09.135408" level="INFO">Typing text 'CS KKU' into text field 'id=organization'.</msg>
<arg>id=organization</arg>
<arg>${ORG}</arg>
<doc>Types the given ``text`` into the text field identified by ``locator``.</doc>
<status status="PASS" start="2025-09-16T00:28:09.134962" elapsed="0.240472"/>
</kw>
<kw name="Input Text" owner="SeleniumLibrary">
<msg time="2025-09-16T00:28:09.377936" level="INFO">Typing text 'somsri@kkumail.com' into text field 'id=email'.</msg>
<arg>id=email</arg>
<arg>${EMAIL}</arg>
<doc>Types the given ``text`` into the text field identified by ``locator``.</doc>
<status status="PASS" start="2025-09-16T00:28:09.376437" elapsed="0.398802"/>
</kw>
<kw name="Input Text" owner="SeleniumLibrary">
<msg time="2025-09-16T00:28:09.777694" level="INFO">Typing text '1234' into text field 'id=phone'.</msg>
<arg>id=phone</arg>
<arg>1234</arg>
<doc>Types the given ``text`` into the text field identified by ``locator``.</doc>
<status status="PASS" start="2025-09-16T00:28:09.776679" elapsed="0.266395"/>
</kw>
<kw name="Click Button" owner="SeleniumLibrary">
<msg time="2025-09-16T00:28:10.044751" level="INFO">Clicking button 'id=registerButton'.</msg>
<arg>id=registerButton</arg>
<doc>Clicks the button identified by ``locator``.</doc>
<status status="PASS" start="2025-09-16T00:28:10.044008" elapsed="0.291229"/>
</kw>
<kw name="Get Title" owner="SeleniumLibrary">
<msg time="2025-09-16T00:28:10.350888" level="INFO">${title} = Event Registration</msg>
<var>${title}</var>
<doc>Returns the title of the current page.</doc>
<status status="PASS" start="2025-09-16T00:28:10.336068" elapsed="0.015088"/>
</kw>
<kw name="Should Contain" owner="BuiltIn">
<arg>${title}</arg>
<arg>Registration</arg>
<doc>Fails if ``container`` does not contain ``item`` one or more times.</doc>
<status status="PASS" start="2025-09-16T00:28:10.352528" elapsed="0.000581"/>
</kw>
<kw name="Wait Until Element Is Visible" owner="SeleniumLibrary">
<arg>id=errors</arg>
<arg>3s</arg>
<doc>Waits until the element ``locator`` is visible.</doc>
<status status="PASS" start="2025-09-16T00:28:10.353848" elapsed="0.080085"/>
</kw>
<kw name="Element Should Contain" owner="SeleniumLibrary">
<msg time="2025-09-16T00:28:10.666458" level="INFO" html="true">&lt;/td&gt;&lt;/tr&gt;&lt;tr&gt;&lt;td colspan="3"&gt;&lt;a href="selenium-screenshot-1.png"&gt;&lt;img src="selenium-screenshot-1.png" width="800px"&gt;&lt;/a&gt;</msg>
<msg time="2025-09-16T00:28:10.667046" level="FAIL">Element 'id=errors' should have contained text 'Please enter a valid phone number, e.g., 081-234-5678, 081 234 5678, or 081.234.5678)' but its text was 'Please enter a valid phone number!!'.</msg>
<arg>id=errors</arg>
<arg>Please enter a valid phone number, e.g., 081-234-5678, 081 234 5678, or 081.234.5678)</arg>
<doc>Verifies that element ``locator`` contains text ``expected``.</doc>
<status status="FAIL" start="2025-09-16T00:28:10.435110" elapsed="0.239078">Element 'id=errors' should have contained text 'Please enter a valid phone number, e.g., 081-234-5678, 081 234 5678, or 081.234.5678)' but its text was 'Please enter a valid phone number!!'.</status>
</kw>
<status status="FAIL" start="2025-09-16T00:28:06.709316" elapsed="3.966332">Element 'id=errors' should have contained text 'Please enter a valid phone number, e.g., 081-234-5678, 081 234 5678, or 081.234.5678)' but its text was 'Please enter a valid phone number!!'.</status>
</test>
<status status="FAIL" start="2025-09-16T00:27:40.476776" elapsed="30.201549"/>
</suite>
<statistics>
<total>
<stat pass="7" fail="1" skip="0">All Tests</stat>
</total>
<tag>
</tag>
<suite>
<stat name="Test Robot" id="s1" pass="7" fail="1" skip="0">Test Robot</stat>
</suite>
</statistics>
<errors>
</errors>
</robot>
